# JRE version: OpenJDK Runtime Environment Temurin-17.0.7+7 (17.0.7+7) (build 17.0.7+7)
# Java VM: OpenJDK 64-Bit Server VM Temurin-17.0.7+7 (17.0.7+7, mixed mode, emulated-client, tiered, compressed oops, compressed class ptrs, g1 gc, windows-amd64)
GC Precious Log:
 CPUs: 8 total, 8 available
 Memory: 7969M
 Large Page Support: Disabled
 NUMA Support: Disabled
 Compressed Oops: Enabled (32-bit)
 Heap Region Size: 1M
 Heap Min Capacity: 8M
 Heap Initial Capacity: 126M
 Heap Max Capacity: 1994M
 Pre-touch: Disabled
 Parallel Workers: 8
 Concurrent Workers: 2
 Concurrent Refinement Workers: 8
 Periodic GC: Disabled
Heap:
 garbage-first heap   total 129024K, used 42955K [0x0000000083600000, 0x0000000100000000)
  region size 1024K, 3 young (3072K), 3 survivors (3072K)
 Metaspace       used 94208K, committed 94848K, reserved 1179648K
  class space    used 13122K, committed 13376K, reserved 1048576K
GC Heap History (20 events):
Event: 13224.244 GC heap after
{Heap after GC invocations=117 (full 1):
 garbage-first heap   total 100352K, used 48951K [0x0000000083600000, 0x0000000100000000)
  region size 1024K, 3 young (3072K), 3 survivors (3072K)
 Metaspace       used 92731K, committed 93376K, reserved 1179648K
  class space    used 12996K, committed 13248K, reserved 1048576K
}
Event: 13224.499 GC heap before
{Heap before GC invocations=118 (full 1):
 garbage-first heap   total 100352K, used 81719K [0x0000000083600000, 0x0000000100000000)
  region size 1024K, 35 young (35840K), 3 survivors (3072K)
 Metaspace       used 92930K, committed 93632K, reserved 1179648K
  class space    used 13007K, committed 13312K, reserved 1048576K
}
Event: 13224.503 GC heap after
{Heap after GC invocations=119 (full 1):
 garbage-first heap   total 100352K, used 49595K [0x0000000083600000, 0x0000000100000000)
  region size 1024K, 2 young (2048K), 2 survivors (2048K)
 Metaspace       used 92930K, committed 93632K, reserved 1179648K
  class space    used 13007K, committed 13312K, reserved 1048576K
}
Event: 13224.510 GC heap before
{Heap before GC invocations=119 (full 1):
 garbage-first heap   total 100352K, used 51643K [0x0000000083600000, 0x0000000100000000)
  region size 1024K, 4 young (4096K), 2 survivors (2048K)
 Metaspace       used 92930K, committed 93632K, reserved 1179648K
  class space    used 13007K, committed 13312K, reserved 1048576K
}
Event: 13224.513 GC heap after
{Heap after GC invocations=120 (full 1):
 garbage-first heap   total 100352K, used 49440K [0x0000000083600000, 0x0000000100000000)
  region size 1024K, 1 young (1024K), 1 survivors (1024K)
 Metaspace       used 92930K, committed 93632K, reserved 1179648K
  class space    used 13007K, committed 13312K, reserved 1048576K
}
Event: 13224.682 GC heap before
{Heap before GC invocations=120 (full 1):
 garbage-first heap   total 100352K, used 82208K [0x0000000083600000, 0x0000000100000000)
  region size 1024K, 33 young (33792K), 1 survivors (1024K)
 Metaspace       used 93282K, committed 93952K, reserved 1179648K
  class space    used 13029K, committed 13312K, reserved 1048576K
}
Event: 13224.683 GC heap after
{Heap after GC invocations=121 (full 1):
 garbage-first heap   total 100352K, used 50075K [0x0000000083600000, 0x0000000100000000)
  region size 1024K, 1 young (1024K), 1 survivors (1024K)
 Metaspace       used 93282K, committed 93952K, reserved 1179648K
  class space    used 13029K, committed 13312K, reserved 1048576K
}
Event: 13225.587 GC heap before
{Heap before GC invocations=122 (full 1):
 garbage-first heap   total 100352K, used 83867K [0x0000000083600000, 0x0000000100000000)
  region size 1024K, 34 young (34816K), 1 survivors (1024K)
 Metaspace       used 93319K, committed 93952K, reserved 1179648K
  class space    used 13036K, committed 13312K, reserved 1048576K
}
Event: 13225.593 GC heap after
{Heap after GC invocations=123 (full 1):
 garbage-first heap   total 100352K, used 53124K [0x0000000083600000, 0x0000000100000000)
  region size 1024K, 4 young (4096K), 4 survivors (4096K)
 Metaspace       used 93319K, committed 93952K, reserved 1179648K
  class space    used 13036K, committed 13312K, reserved 1048576K
}
Event: 13228.281 GC heap before
{Heap before GC invocations=123 (full 1):
 garbage-first heap   total 100352K, used 54148K [0x0000000083600000, 0x0000000100000000)
  region size 1024K, 5 young (5120K), 4 survivors (4096K)
 Metaspace       used 93319K, committed 93952K, reserved 1179648K
  class space    used 13036K, committed 13312K, reserved 1048576K
}
Event: 13228.292 GC heap after
{Heap after GC invocations=124 (full 1):
 garbage-first heap   total 100352K, used 53420K [0x0000000083600000, 0x0000000100000000)
  region size 1024K, 1 young (1024K), 1 survivors (1024K)
 Metaspace       used 93319K, committed 93952K, reserved 1179648K
  class space    used 13036K, committed 13312K, reserved 1048576K
}
Event: 13230.074 GC heap before
{Heap before GC invocations=124 (full 1):
 garbage-first heap   total 100352K, used 55468K [0x0000000083600000, 0x0000000100000000)
  region size 1024K, 4 young (4096K), 1 survivors (1024K)
 Metaspace       used 93322K, committed 93952K, reserved 1179648K
  class space    used 13037K, committed 13312K, reserved 1048576K
}
Event: 13230.178 GC heap after
{Heap after GC invocations=125 (full 2):
 garbage-first heap   total 100352K, used 34286K [0x0000000083600000, 0x0000000100000000)
  region size 1024K, 0 young (0K), 0 survivors (0K)
 Metaspace       used 93212K, committed 93952K, reserved 1179648K
  class space    used 13015K, committed 13312K, reserved 1048576K
}
Event: 13232.995 GC heap before
{Heap before GC invocations=125 (full 2):
 garbage-first heap   total 100352K, used 79342K [0x0000000083600000, 0x0000000100000000)
  region size 1024K, 44 young (45056K), 0 survivors (0K)
 Metaspace       used 93562K, committed 94144K, reserved 1179648K
  class space    used 13061K, committed 13312K, reserved 1048576K
}
Event: 13232.999 GC heap after
{Heap after GC invocations=126 (full 2):
 garbage-first heap   total 100352K, used 38118K [0x0000000083600000, 0x0000000100000000)
  region size 1024K, 4 young (4096K), 4 survivors (4096K)
 Metaspace       used 93562K, committed 94144K, reserved 1179648K
  class space    used 13061K, committed 13312K, reserved 1048576K
}
Event: 13233.793 GC heap before
{Heap before GC invocations=126 (full 2):
 garbage-first heap   total 100352K, used 78054K [0x0000000083600000, 0x0000000100000000)
  region size 1024K, 44 young (45056K), 4 survivors (4096K)
 Metaspace       used 93690K, committed 94336K, reserved 1179648K
  class space    used 13082K, committed 13376K, reserved 1048576K
}
Event: 13233.799 GC heap after
{Heap after GC invocations=127 (full 2):
 garbage-first heap   total 100352K, used 40484K [0x0000000083600000, 0x0000000100000000)
  region size 1024K, 3 young (3072K), 3 survivors (3072K)
 Metaspace       used 93690K, committed 94336K, reserved 1179648K
  class space    used 13082K, committed 13376K, reserved 1048576K
}
Event: 13234.080 GC heap before
{Heap before GC invocations=127 (full 2):
 garbage-first heap   total 100352K, used 79396K [0x0000000083600000, 0x0000000100000000)
  region size 1024K, 41 young (41984K), 3 survivors (3072K)
 Metaspace       used 93932K, committed 94592K, reserved 1179648K
  class space    used 13097K, committed 13376K, reserved 1048576K
}
Event: 13234.084 GC heap after
{Heap after GC invocations=128 (full 2):
 garbage-first heap   total 100352K, used 41741K [0x0000000083600000, 0x0000000100000000)
  region size 1024K, 4 young (4096K), 4 survivors (4096K)
 Metaspace       used 93932K, committed 94592K, reserved 1179648K
  class space    used 13097K, committed 13376K, reserved 1048576K
}
Event: 13234.324 GC heap before
{Heap before GC invocations=128 (full 2):
 garbage-first heap   total 100352K, used 79629K [0x0000000083600000, 0x0000000100000000)
  region size 1024K, 41 young (41984K), 4 survivors (4096K)
 Metaspace       used 94208K, committed 94848K, reserved 1179648K
  class space    used 13122K, committed 13376K, reserved 1048576K
}

